<?xml version="1.0" encoding="UTF-8"?>
<testsuite xmlns:xsi="http://www.w3.org/2001/XMLSchema-instance" xsi:noNamespaceSchemaLocation="https://maven.apache.org/surefire/maven-surefire-plugin/xsd/surefire-test-report-3.0.xsd" version="3.0" name="com.registro2.CRUD.CrudApplicationTests" time="8.093" tests="1" errors="0" skipped="0" failures="0">
  <properties>
[...]
</properties>
  <testcase name="contextLoads" classname="com.registro2.CRUD.CrudApplicationTests" time="0.666">
    <system-out><![CDATA[21:39:36.004 [main] INFO org.springframework.test.context.support.AnnotationConfigContextLoaderUtils -- Could not detect default configuration classes for test class [com.registro2.CRUD.CrudApplicationTests]: CrudApplicationTests does not declare any static, non-private, non-final, nested classes annotated with @Configuration.
21:39:36.179 [main] INFO org.springframework.boot.test.context.SpringBootTestContextBootstrapper -- Found @SpringBootConfiguration com.registro2.CRUD.CrudApplication for test class com.registro2.CRUD.CrudApplicationTests

  .   ____          _            __ _ _
 /\\ / ___'_ __ _ _(_)_ __  __ _ \ \ \ \
( ( )\___ | '_ | '_| | '_ \/ _` | \ \ \ \
 \\/  ___)| |_)| | | | | || (_| |  ) ) ) )
  '  |____| .__|_| |_|_| |_\__, | / / / /
 =========|_|==============|___/=/_/_/_/

 :: Spring Boot ::                (v3.3.6)

2024-12-17T21:39:36.849-05:00  INFO 6180 --- [           main] c.registro2.CRUD.CrudApplicationTests    : Starting CrudApplicationTests using Java 17.0.12 with PID 6180 (started by MyVICTIUS in C:\Users\MyVICTUS\Desktop\spring\CRUD)
2024-12-17T21:39:36.852-05:00  INFO 6180 --- [           main] c.registro2.CRUD.CrudApplicationTests    : No active profile set, falling back to 1 default profile: "default"
2024-12-17T21:39:37.961-05:00  INFO 6180 --- [           main] .s.d.r.c.RepositoryConfigurationDelegate : Bootstrapping Spring Data JPA repositories in DEFAULT mode.
2024-12-17T21:39:38.071-05:00  INFO 6180 --- [           main] .s.d.r.c.RepositoryConfigurationDelegate : Finished Spring Data repository scanning in 99 ms. Found 1 JPA repository interface.
2024-12-17T21:39:38.809-05:00  INFO 6180 --- [           main] o.hibernate.jpa.internal.util.LogHelper  : HHH000204: Processing PersistenceUnitInfo [name: default]
2024-12-17T21:39:38.925-05:00  INFO 6180 --- [           main] org.hibernate.Version                    : HHH000412: Hibernate ORM core version 6.5.3.Final
2024-12-17T21:39:39.010-05:00  INFO 6180 --- [           main] o.h.c.internal.RegionFactoryInitiator    : HHH000026: Second-level cache disabled
2024-12-17T21:39:39.641-05:00  INFO 6180 --- [           main] o.s.o.j.p.SpringPersistenceUnitInfo      : No LoadTimeWeaver setup: ignoring JPA class transformer
2024-12-17T21:39:39.705-05:00  INFO 6180 --- [           main] com.zaxxer.hikari.HikariDataSource       : HikariPool-1 - Starting...
2024-12-17T21:39:40.170-05:00  INFO 6180 --- [           main] com.zaxxer.hikari.pool.HikariPool        : HikariPool-1 - Added connection com.mysql.cj.jdbc.ConnectionImpl@77a2688d
2024-12-17T21:39:40.175-05:00  INFO 6180 --- [           main] com.zaxxer.hikari.HikariDataSource       : HikariPool-1 - Start completed.
2024-12-17T21:39:40.294-05:00  WARN 6180 --- [           main] org.hibernate.orm.deprecation            : HHH90000025: MySQLDialect does not need to be specified explicitly using 'hibernate.dialect' (remove the property setting and it will be selected by default)
2024-12-17T21:39:41.686-05:00  INFO 6180 --- [           main] o.h.e.t.j.p.i.JtaPlatformInitiator       : HHH000489: No JTA platform available (set 'hibernate.transaction.jta.platform' to enable JTA platform integration)
2024-12-17T21:39:41.752-05:00  INFO 6180 --- [           main] j.LocalContainerEntityManagerFactoryBean : Initialized JPA EntityManagerFactory for persistence unit 'default'
2024-12-17T21:39:42.378-05:00  WARN 6180 --- [           main] JpaBaseConfiguration$JpaWebConfiguration : spring.jpa.open-in-view is enabled by default. Therefore, database queries may be performed during view rendering. Explicitly configure spring.jpa.open-in-view to disable this warning
2024-12-17T21:39:42.426-05:00  INFO 6180 --- [           main] o.s.b.a.w.s.WelcomePageHandlerMapping    : Adding welcome page template: index
2024-12-17T21:39:43.045-05:00  INFO 6180 --- [           main] c.registro2.CRUD.CrudApplicationTests    : Started CrudApplicationTests in 6.592 seconds (process running for 8.084)
]]></system-out>
  </testcase>
</testsuite>